<?xml version="1.0" encoding="UTF-8"?>
<testsuite xmlns:xsi="http://www.w3.org/2001/XMLSchema-instance" xsi:noNamespaceSchemaLocation="https://maven.apache.org/surefire/maven-surefire-plugin/xsd/surefire-test-report-3.0.xsd" version="3.0" name="com.CoderHouse.FacturacionEntregaFinalRuizMiro.FacturacionEntregaFinalRuizMiroApplicationTests" time="12.329" tests="1" errors="0" skipped="0" failures="0">
  <properties>
[...]
</properties>
  <testcase name="contextLoads" classname="com.CoderHouse.FacturacionEntregaFinalRuizMiro.FacturacionEntregaFinalRuizMiroApplicationTests" time="1.133">
    <system-out><![CDATA[12:45:40.658 [main] INFO org.springframework.test.context.support.AnnotationConfigContextLoaderUtils -- Could not detect default configuration classes for test class [com.CoderHouse.FacturacionEntregaFinalRuizMiro.FacturacionEntregaFinalRuizMiroApplicationTests]: FacturacionEntregaFinalRuizMiroApplicationTests does not declare any static, non-private, non-final, nested classes annotated with @Configuration.
12:45:40.959 [main] INFO org.springframework.boot.test.context.SpringBootTestContextBootstrapper -- Found @SpringBootConfiguration com.CoderHouse.FacturacionEntregaFinalRuizMiro.FacturacionEntregaFinalRuizMiroApplication for test class com.CoderHouse.FacturacionEntregaFinalRuizMiro.FacturacionEntregaFinalRuizMiroApplicationTests

  .   ____          _            __ _ _
 /\\ / ___'_ __ _ _(_)_ __  __ _ \ \ \ \
( ( )\___ | '_ | '_| | '_ \/ _` | \ \ \ \
 \\/  ___)| |_)| | | | | || (_| |  ) ) ) )
  '  |____| .__|_| |_|_| |_\__, | / / / /
 =========|_|==============|___/=/_/_/_/
 :: Spring Boot ::                (v3.1.2)

2023-08-30T12:45:42.002-03:00  INFO 10260 --- [           main] cionEntregaFinalRuizMiroApplicationTests : Starting FacturacionEntregaFinalRuizMiroApplicationTests using Java 19.0.2 with PID 10260 (started by santi in C:\it\coderhouse\FacturacionEntregaFinalRuizMiro)
2023-08-30T12:45:42.008-03:00  INFO 10260 --- [           main] cionEntregaFinalRuizMiroApplicationTests : No active profile set, falling back to 1 default profile: "default"
2023-08-30T12:45:43.541-03:00  INFO 10260 --- [           main] .s.d.r.c.RepositoryConfigurationDelegate : Bootstrapping Spring Data JPA repositories in DEFAULT mode.
2023-08-30T12:45:43.710-03:00  INFO 10260 --- [           main] .s.d.r.c.RepositoryConfigurationDelegate : Finished Spring Data repository scanning in 148 ms. Found 4 JPA repository interfaces.
2023-08-30T12:45:44.575-03:00  INFO 10260 --- [           main] com.zaxxer.hikari.HikariDataSource       : HikariPool-1 - Starting...
2023-08-30T12:45:45.215-03:00  INFO 10260 --- [           main] com.zaxxer.hikari.pool.HikariPool        : HikariPool-1 - Added connection conn0: url=jdbc:h2:file:./data/coderHouse user=SA
2023-08-30T12:45:45.218-03:00  INFO 10260 --- [           main] com.zaxxer.hikari.HikariDataSource       : HikariPool-1 - Start completed.
2023-08-30T12:45:45.606-03:00  INFO 10260 --- [           main] o.hibernate.jpa.internal.util.LogHelper  : HHH000204: Processing PersistenceUnitInfo [name: default]
2023-08-30T12:45:45.775-03:00  INFO 10260 --- [           main] org.hibernate.Version                    : HHH000412: Hibernate ORM core version 6.2.6.Final
2023-08-30T12:45:45.780-03:00  INFO 10260 --- [           main] org.hibernate.cfg.Environment            : HHH000406: Using bytecode reflection optimizer
2023-08-30T12:45:46.360-03:00  INFO 10260 --- [           main] o.h.b.i.BytecodeProviderInitiator        : HHH000021: Bytecode provider name : bytebuddy
2023-08-30T12:45:46.765-03:00  INFO 10260 --- [           main] o.s.o.j.p.SpringPersistenceUnitInfo      : No LoadTimeWeaver setup: ignoring JPA class transformer
2023-08-30T12:45:47.481-03:00  INFO 10260 --- [           main] o.h.b.i.BytecodeProviderInitiator        : HHH000021: Bytecode provider name : bytebuddy
2023-08-30T12:45:49.072-03:00  INFO 10260 --- [           main] j.LocalContainerEntityManagerFactoryBean : Initialized JPA EntityManagerFactory for persistence unit 'default'
2023-08-30T12:45:50.456-03:00  WARN 10260 --- [           main] JpaBaseConfiguration$JpaWebConfiguration : spring.jpa.open-in-view is enabled by default. Therefore, database queries may be performed during view rendering. Explicitly configure spring.jpa.open-in-view to disable this warning
2023-08-30T12:45:51.277-03:00  INFO 10260 --- [           main] o.s.b.a.h2.H2ConsoleAutoConfiguration    : H2 console available at '/h2-console'. Database available at 'jdbc:h2:file:./data/coderHouse'
2023-08-30T12:45:51.366-03:00  INFO 10260 --- [           main] cionEntregaFinalRuizMiroApplicationTests : Started FacturacionEntregaFinalRuizMiroApplicationTests in 10.041 seconds (process running for 12.42)
]]></system-out>
  </testcase>
</testsuite>